<?xml version="1.0" encoding="UTF-8"?>
<testsuite xmlns:xsi="http://www.w3.org/2001/XMLSchema-instance" xsi:noNamespaceSchemaLocation="https://maven.apache.org/surefire/maven-surefire-plugin/xsd/surefire-test-report.xsd" name="com.ibm.test.TestFlightRepo" time="11.928" tests="4" errors="0" skipped="0" failures="0">
  <properties>
[...]
</properties>
  <testcase name="testByCarrier" classname="com.ibm.test.TestFlightRepo" time="0.313"/>
  <testcase name="testSave" classname="com.ibm.test.TestFlightRepo" time="0.132"/>
  <testcase name="testAllFlights" classname="com.ibm.test.TestFlightRepo" time="0.018"/>
  <testcase name="testUpdate" classname="com.ibm.test.TestFlightRepo" time="0.052"/>
</testsuite>